<?xml version="1.0" encoding="UTF-8"?><identity-statement xmlns="urn:net:lin-k:safe-online:identity-statement:1.0" xmlns:ns2="http://www.w3.org/2000/09/xmldsig#"><identity-data Id="idid-2fba19a2-2042-4bd9-b3ff-d2a8b4597ed1"><given-name>test-given-name</given-name><surname>test-surname</surname><street>test-street</street><postal-code>test-postal-code</postal-code><city>test-city</city></identity-data><ds:Signature xmlns:ds="http://www.w3.org/2000/09/xmldsig#"><ds:SignedInfo><ds:CanonicalizationMethod Algorithm="http://www.w3.org/2001/10/xml-exc-c14n#WithComments"/><ds:SignatureMethod Algorithm="http://www.w3.org/2000/09/xmldsig#rsa-sha1"/><ds:Reference URI="#idid-2fba19a2-2042-4bd9-b3ff-d2a8b4597ed1"><ds:DigestMethod Algorithm="http://www.w3.org/2001/04/xmlenc#sha512"/><ds:DigestValue>nAtAoTUCvL4bw+E4mJ3Bx3ZaBdWnIAJ2FF/svx9FTBHuiMnXtRjmSCdwFvSISpa1J6IqDIJUnZwa
j5AznLyDUQ==</ds:DigestValue></ds:Reference></ds:SignedInfo><ds:SignatureValue>vX4DXIA4DbkfNRoqcXfBdHQAlarPP710SGCN7Er9qdSpxERcVQ5Kx4zkBs2c7SgdWA7Gtb9bqC0T
TR8hWA4m8mb//X5s/PI8CptpmUn2RDwmw6oF1AHFLIrFnS2fraVtVC9Nr8c5cZBimp4l1MnfTb3O
Wjc0ELK4QblJadNqRgU=</ds:SignatureValue><ds:KeyInfo><ds:X509Data><ds:X509Certificate>MIIB9DCCAV2gAwIBAgIRAInSMdS8ooKYaZISmN4IPiQwDQYJKoZIhvcNAQENBQAwDzENMAsGA1UE
AwwEVGVzdDAeFw0wNzAxMDkxMTI4NDFaFw0xNzAxMDkxMTI4NDFaMA8xDTALBgNVBAMMBFRlc3Qw
gZ8wDQYJKoZIhvcNAQEBBQADgY0AMIGJAoGBAMN+I7+JKdaMCFdoYTqafKHY+8B1LOnfW33UMpO+
kHB72bZAQYtH0wMRVkZlE1bMPphZNrTqyUJci/xQguZ5+7L1tRNXisz/CJeqK75CD9XYmPevlCcV
RQYWM5YNWG3HLG3UmtCcDPFoet5nrKuBqRO/8kUWWVxlzRaEMlmlsBRtAgMBAAGjUDBOMB0GA1Ud
DgQWBBShdx0CAvRQBj4OqEE7ddmNWrsJwzAfBgNVHSMEGDAWgBShdx0CAvRQBj4OqEE7ddmNWrsJ
wzAMBgNVHRMEBTADAQH/MA0GCSqGSIb3DQEBDQUAA4GBALBBb6BkrkZCdlTdeojTwq3a2U3n3E1E
2+XgX4ZwvyOkLSPcWW/3wAPHnu86NGzWo/GsheKDMwrSQBRczQlkD6TdE+ZFInZDzpiNYz05Nq2K
FH+BnsDmKdbJvaE+QsBIXNRPJq4XMXyws0gTI0fGv3DPu0EeXhrXvwDOk5nk9uDA</ds:X509Certificate></ds:X509Data></ds:KeyInfo></ds:Signature></identity-statement>